c:\users\tinyr\desktop\uvic 1\year 3\blenderaddon\my_ipc\computeranimationtemplate2024\anim\debug\vc143.pdb
c:\users\tinyr\desktop\uvic 1\year 3\blenderaddon\my_ipc\computeranimationtemplate2024\anim\debug\vc143.idb
c:\users\tinyr\desktop\uvic 1\year 3\blenderaddon\my_ipc\computeranimationtemplate2024\anim\debug\aabb.obj
c:\users\tinyr\desktop\uvic 1\year 3\blenderaddon\my_ipc\computeranimationtemplate2024\anim\debug\anim.obj
c:\users\tinyr\desktop\uvic 1\year 3\blenderaddon\my_ipc\computeranimationtemplate2024\anim\debug\animtcl.obj
c:\users\tinyr\desktop\uvic 1\year 3\blenderaddon\my_ipc\computeranimationtemplate2024\anim\debug\baseobject.obj
c:\users\tinyr\desktop\uvic 1\year 3\blenderaddon\my_ipc\computeranimationtemplate2024\anim\debug\basesimulator.obj
c:\users\tinyr\desktop\uvic 1\year 3\blenderaddon\my_ipc\computeranimationtemplate2024\anim\debug\finitediff.obj
c:\users\tinyr\desktop\uvic 1\year 3\blenderaddon\my_ipc\computeranimationtemplate2024\anim\debug\globalresourcemanager.obj
c:\users\tinyr\desktop\uvic 1\year 3\blenderaddon\my_ipc\computeranimationtemplate2024\anim\debug\ipc.obj
c:\users\tinyr\desktop\uvic 1\year 3\blenderaddon\my_ipc\computeranimationtemplate2024\anim\debug\mesh.obj
c:\users\tinyr\desktop\uvic 1\year 3\blenderaddon\my_ipc\computeranimationtemplate2024\anim\debug\meshcollection.obj
c:\users\tinyr\desktop\uvic 1\year 3\blenderaddon\my_ipc\computeranimationtemplate2024\anim\debug\myscene.obj
c:\users\tinyr\desktop\uvic 1\year 3\blenderaddon\my_ipc\computeranimationtemplate2024\anim\debug\resourcemanager.obj
c:\users\tinyr\desktop\uvic 1\year 3\blenderaddon\my_ipc\computeranimationtemplate2024\anim\debug\basesystem.obj
c:\users\tinyr\desktop\uvic 1\year 3\blenderaddon\my_ipc\computeranimationtemplate2024\build\anim.exe
c:\users\tinyr\desktop\uvic 1\year 3\blenderaddon\my_ipc\computeranimationtemplate2024\anim\debug\anim.ilk
c:\users\tinyr\desktop\uvic 1\year 3\blenderaddon\my_ipc\computeranimationtemplate2024\build\animp.pdb
c:\users\tinyr\desktop\uvic 1\year 3\blenderaddon\my_ipc\computeranimationtemplate2024\anim\debug\anim.tlog\cl.command.1.tlog
c:\users\tinyr\desktop\uvic 1\year 3\blenderaddon\my_ipc\computeranimationtemplate2024\anim\debug\anim.tlog\cl.items.tlog
c:\users\tinyr\desktop\uvic 1\year 3\blenderaddon\my_ipc\computeranimationtemplate2024\anim\debug\anim.tlog\cl.read.1.tlog
c:\users\tinyr\desktop\uvic 1\year 3\blenderaddon\my_ipc\computeranimationtemplate2024\anim\debug\anim.tlog\cl.write.1.tlog
c:\users\tinyr\desktop\uvic 1\year 3\blenderaddon\my_ipc\computeranimationtemplate2024\anim\debug\anim.tlog\link.command.1.tlog
c:\users\tinyr\desktop\uvic 1\year 3\blenderaddon\my_ipc\computeranimationtemplate2024\anim\debug\anim.tlog\link.read.1.tlog
c:\users\tinyr\desktop\uvic 1\year 3\blenderaddon\my_ipc\computeranimationtemplate2024\anim\debug\anim.tlog\link.write.1.tlog
